# JRE version: OpenJDK Runtime Environment Temurin-18.0.1+10 (18.0.1+10) (build 18.0.1+10)
# Java VM: OpenJDK 64-Bit Server VM Temurin-18.0.1+10 (18.0.1+10, mixed mode, emulated-client, tiered, compressed oops, compressed class ptrs, g1 gc, windows-amd64)
GC Precious Log:
 CardTable entry size: 512
 Card Set container configuration: InlinePtr #cards 4 size 8 Array Of Cards #cards 16 size 48 Howl #buckets 8 coarsen threshold 3686 Howl Bitmap #cards 512 size 80 coarsen threshold 460 Card regions per heap region 1 cards per card region 4096
 CPUs: 8 total, 8 available
 Memory: 16197M
 Large Page Support: Disabled
 NUMA Support: Disabled
 Compressed Oops: Enabled (Zero based)
 Heap Region Size: 2M
 Heap Min Capacity: 8M
 Heap Initial Capacity: 254M
 Heap Max Capacity: 4050M
 Pre-touch: Disabled
 Parallel Workers: 8
 Concurrent Workers: 2
 Concurrent Refinement Workers: 8
 Periodic GC: Disabled
Heap:
 garbage-first heap   total 188416K, used 110584K [0x0000000702e00000, 0x0000000800000000)
  region size 2048K, 26 young (53248K), 3 survivors (6144K)
 Metaspace       used 112192K, committed 113088K, reserved 1179648K
  class space    used 12386K, committed 12800K, reserved 1048576K
GC Heap History (20 events):
Event: 8538.069 GC heap before
{Heap before GC invocations=122 (full 7):
 garbage-first heap   total 188416K, used 143234K [0x0000000702e00000, 0x0000000800000000)
  region size 2048K, 43 young (88064K), 3 survivors (6144K)
 Metaspace       used 111629K, committed 112576K, reserved 1179648K
  class space    used 12358K, committed 12800K, reserved 1048576K
}
Event: 8538.072 GC heap after
{Heap after GC invocations=123 (full 7):
 garbage-first heap   total 188416K, used 64319K [0x0000000702e00000, 0x0000000800000000)
  region size 2048K, 3 young (6144K), 3 survivors (6144K)
 Metaspace       used 111629K, committed 112576K, reserved 1179648K
  class space    used 12358K, committed 12800K, reserved 1048576K
}
Event: 8681.562 GC heap before
{Heap before GC invocations=123 (full 7):
 garbage-first heap   total 188416K, used 146239K [0x0000000702e00000, 0x0000000800000000)
  region size 2048K, 44 young (90112K), 3 survivors (6144K)
 Metaspace       used 111701K, committed 112640K, reserved 1179648K
  class space    used 12362K, committed 12800K, reserved 1048576K
}
Event: 8681.566 GC heap after
{Heap after GC invocations=124 (full 7):
 garbage-first heap   total 188416K, used 65621K [0x0000000702e00000, 0x0000000800000000)
  region size 2048K, 4 young (8192K), 4 survivors (8192K)
 Metaspace       used 111701K, committed 112640K, reserved 1179648K
  class space    used 12362K, committed 12800K, reserved 1048576K
}
Event: 8858.875 GC heap before
{Heap before GC invocations=124 (full 7):
 garbage-first heap   total 188416K, used 147541K [0x0000000702e00000, 0x0000000800000000)
  region size 2048K, 44 young (90112K), 4 survivors (8192K)
 Metaspace       used 111742K, committed 112704K, reserved 1179648K
  class space    used 12365K, committed 12800K, reserved 1048576K
}
Event: 8858.878 GC heap after
{Heap after GC invocations=125 (full 7):
 garbage-first heap   total 188416K, used 65331K [0x0000000702e00000, 0x0000000800000000)
  region size 2048K, 3 young (6144K), 3 survivors (6144K)
 Metaspace       used 111742K, committed 112704K, reserved 1179648K
  class space    used 12365K, committed 12800K, reserved 1048576K
}
Event: 9000.325 GC heap before
{Heap before GC invocations=125 (full 7):
 garbage-first heap   total 188416K, used 149299K [0x0000000702e00000, 0x0000000800000000)
  region size 2048K, 45 young (92160K), 3 survivors (6144K)
 Metaspace       used 111789K, committed 112704K, reserved 1179648K
  class space    used 12369K, committed 12800K, reserved 1048576K
}
Event: 9000.328 GC heap after
{Heap after GC invocations=126 (full 7):
 garbage-first heap   total 188416K, used 65230K [0x0000000702e00000, 0x0000000800000000)
  region size 2048K, 3 young (6144K), 3 survivors (6144K)
 Metaspace       used 111789K, committed 112704K, reserved 1179648K
  class space    used 12369K, committed 12800K, reserved 1048576K
}
Event: 9046.777 GC heap before
{Heap before GC invocations=126 (full 7):
 garbage-first heap   total 188416K, used 151246K [0x0000000702e00000, 0x0000000800000000)
  region size 2048K, 46 young (94208K), 3 survivors (6144K)
 Metaspace       used 111865K, committed 112832K, reserved 1179648K
  class space    used 12376K, committed 12800K, reserved 1048576K
}
Event: 9046.779 GC heap after
{Heap after GC invocations=127 (full 7):
 garbage-first heap   total 188416K, used 65340K [0x0000000702e00000, 0x0000000800000000)
  region size 2048K, 3 young (6144K), 3 survivors (6144K)
 Metaspace       used 111865K, committed 112832K, reserved 1179648K
  class space    used 12376K, committed 12800K, reserved 1048576K
}
Event: 9158.822 GC heap before
{Heap before GC invocations=127 (full 7):
 garbage-first heap   total 188416K, used 153404K [0x0000000702e00000, 0x0000000800000000)
  region size 2048K, 47 young (96256K), 3 survivors (6144K)
 Metaspace       used 111917K, committed 112832K, reserved 1179648K
  class space    used 12384K, committed 12800K, reserved 1048576K
}
Event: 9158.827 GC heap after
{Heap after GC invocations=128 (full 7):
 garbage-first heap   total 188416K, used 65660K [0x0000000702e00000, 0x0000000800000000)
  region size 2048K, 3 young (6144K), 3 survivors (6144K)
 Metaspace       used 111917K, committed 112832K, reserved 1179648K
  class space    used 12384K, committed 12800K, reserved 1048576K
}
Event: 9375.858 GC heap before
{Heap before GC invocations=128 (full 7):
 garbage-first heap   total 188416K, used 155772K [0x0000000702e00000, 0x0000000800000000)
  region size 2048K, 47 young (96256K), 3 survivors (6144K)
 Metaspace       used 111917K, committed 112832K, reserved 1179648K
  class space    used 12384K, committed 12800K, reserved 1048576K
}
Event: 9375.864 GC heap after
{Heap after GC invocations=129 (full 7):
 garbage-first heap   total 188416K, used 65529K [0x0000000702e00000, 0x0000000800000000)
  region size 2048K, 3 young (6144K), 3 survivors (6144K)
 Metaspace       used 111917K, committed 112832K, reserved 1179648K
  class space    used 12384K, committed 12800K, reserved 1048576K
}
Event: 9607.922 GC heap before
{Heap before GC invocations=129 (full 7):
 garbage-first heap   total 188416K, used 153593K [0x0000000702e00000, 0x0000000800000000)
  region size 2048K, 47 young (96256K), 3 survivors (6144K)
 Metaspace       used 111917K, committed 112832K, reserved 1179648K
  class space    used 12384K, committed 12800K, reserved 1048576K
}
Event: 9607.925 GC heap after
{Heap after GC invocations=130 (full 7):
 garbage-first heap   total 188416K, used 65515K [0x0000000702e00000, 0x0000000800000000)
  region size 2048K, 3 young (6144K), 3 survivors (6144K)
 Metaspace       used 111917K, committed 112832K, reserved 1179648K
  class space    used 12384K, committed 12800K, reserved 1048576K
}
Event: 9857.022 GC heap before
{Heap before GC invocations=130 (full 7):
 garbage-first heap   total 188416K, used 155627K [0x0000000702e00000, 0x0000000800000000)
  region size 2048K, 47 young (96256K), 3 survivors (6144K)
 Metaspace       used 111917K, committed 112832K, reserved 1179648K
  class space    used 12384K, committed 12800K, reserved 1048576K
}
Event: 9857.028 GC heap after
{Heap after GC invocations=131 (full 7):
 garbage-first heap   total 188416K, used 65406K [0x0000000702e00000, 0x0000000800000000)
  region size 2048K, 3 young (6144K), 3 survivors (6144K)
 Metaspace       used 111917K, committed 112832K, reserved 1179648K
  class space    used 12384K, committed 12800K, reserved 1048576K
}
Event: 10036.228 GC heap before
{Heap before GC invocations=131 (full 7):
 garbage-first heap   total 188416K, used 153470K [0x0000000702e00000, 0x0000000800000000)
  region size 2048K, 47 young (96256K), 3 survivors (6144K)
 Metaspace       used 111958K, committed 112896K, reserved 1179648K
  class space    used 12385K, committed 12800K, reserved 1048576K
}
Event: 10036.232 GC heap after
{Heap after GC invocations=132 (full 7):
 garbage-first heap   total 188416K, used 65528K [0x0000000702e00000, 0x0000000800000000)
  region size 2048K, 3 young (6144K), 3 survivors (6144K)
 Metaspace       used 111958K, committed 112896K, reserved 1179648K
  class space    used 12385K, committed 12800K, reserved 1048576K
}

